100% of 3 reads accepted (100% end-trimmed)
Pair 2: 100% of 3 reads accepted (100% end - trimmed)
85.7143% of 28 reads accepted (100% end-trimmed)
Pair 2: 89.2857% of 28 reads accepted (92.8571% end - trimmed)
94.3182% of 88 reads accepted (98.8636% end-trimmed)
Pair 2: 90.9091% of 88 reads accepted (96.5909% end - trimmed)
86.0656% of 122 reads accepted (98.3607% end-trimmed)
Pair 2: 84.4262% of 122 reads accepted (90.9836% end - trimmed)
88.3588% of 10712 reads accepted (97.9742% end-trimmed)
Pair 2: 81.7028% of 10712 reads accepted (92.0836% end - trimmed)
89.7108% of 3285 reads accepted (98.1431% end-trimmed)
Pair 2: 85.9361% of 3285 reads accepted (93.8813% end - trimmed)
89.4737% of 114 reads accepted (96.4912% end-trimmed)
Pair 2: 88.5965% of 114 reads accepted (93.8596% end - trimmed)
96.1538% of 26 reads accepted (100% end-trimmed)
Pair 2: 76.9231% of 26 reads accepted (80.7692% end - trimmed)
87.7895% of 475 reads accepted (98.1053% end-trimmed)
Pair 2: 75.3684% of 475 reads accepted (87.7895% end - trimmed)
90.8224% of 839 reads accepted (98.093% end-trimmed)
Pair 2: 84.3862% of 839 reads accepted (94.6365% end - trimmed)
83.3333% of 12 reads accepted (100% end-trimmed)
Pair 2: 66.6667% of 12 reads accepted (91.6667% end - trimmed)
84.7761% of 670 reads accepted (98.209% end-trimmed)
Pair 2: 76.1194% of 670 reads accepted (89.1045% end - trimmed)
87.4372% of 398 reads accepted (98.2412% end-trimmed)
Pair 2: 86.4322% of 398 reads accepted (94.2211% end - trimmed)
91.0163% of 1102 reads accepted (98.7296% end-trimmed)
Pair 2: 84.2105% of 1102 reads accepted (93.7387% end - trimmed)
95.9459% of 74 reads accepted (100% end-trimmed)
Pair 2: 93.2432% of 74 reads accepted (98.6487% end - trimmed)
87.8788% of 66 reads accepted (98.4848% end-trimmed)
Pair 2: 81.8182% of 66 reads accepted (92.4242% end - trimmed)
86.1789% of 123 reads accepted (96.748% end-trimmed)
Pair 2: 86.9919% of 123 reads accepted (96.748% end - trimmed)
83.3333% of 6 reads accepted (100% end-trimmed)
Pair 2: 66.6667% of 6 reads accepted (100% end - trimmed)
85.6383% of 376 reads accepted (98.4043% end-trimmed)
Pair 2: 82.9787% of 376 reads accepted (93.883% end - trimmed)
75% of 8 reads accepted (100% end-trimmed)
Pair 2: 100% of 8 reads accepted (100% end - trimmed)
85.473% of 296 reads accepted (98.9865% end-trimmed)
Pair 2: 84.4595% of 296 reads accepted (92.9054% end - trimmed)
87.4384% of 406 reads accepted (98.0296% end-trimmed)
Pair 2: 82.7586% of 406 reads accepted (92.6108% end - trimmed)
82.1053% of 95 reads accepted (95.7895% end-trimmed)
Pair 2: 83.1579% of 95 reads accepted (95.7895% end - trimmed)
86.5866% of 2915 reads accepted (97.7015% end-trimmed)
Pair 2: 80.8576% of 2915 reads accepted (91.0463% end - trimmed)
88.2353% of 153 reads accepted (99.3464% end-trimmed)
Pair 2: 88.2353% of 153 reads accepted (93.4641% end - trimmed)
86.4662% of 133 reads accepted (96.9925% end-trimmed)
Pair 2: 79.6992% of 133 reads accepted (95.4887% end - trimmed)
86.9081% of 359 reads accepted (98.0501% end-trimmed)
Pair 2: 81.0585% of 359 reads accepted (93.3148% end - trimmed)
86.3946% of 882 reads accepted (97.8458% end-trimmed)
Pair 2: 78.9116% of 882 reads accepted (92.1769% end - trimmed)
88.4422% of 199 reads accepted (98.995% end-trimmed)
Pair 2: 87.9397% of 199 reads accepted (95.4774% end - trimmed)
82.2222% of 90 reads accepted (96.6667% end-trimmed)
Pair 2: 86.6667% of 90 reads accepted (96.6667% end - trimmed)
86.5854% of 82 reads accepted (97.561% end-trimmed)
Pair 2: 78.0488% of 82 reads accepted (91.4634% end - trimmed)
90.1316% of 152 reads accepted (97.3684% end-trimmed)
Pair 2: 88.8158% of 152 reads accepted (96.7105% end - trimmed)
84.507% of 142 reads accepted (97.8873% end-trimmed)
Pair 2: 83.8028% of 142 reads accepted (92.2535% end - trimmed)
100% of 1 reads accepted (100% end-trimmed)
Pair 2: 0% of 1 reads accepted (0% end - trimmed)
75% of 4 reads accepted (100% end-trimmed)
Pair 2: 75% of 4 reads accepted (75% end - trimmed)
89.1156% of 147 reads accepted (100% end-trimmed)
Pair 2: 82.9932% of 147 reads accepted (92.517% end - trimmed)
100% of 3 reads accepted (100% end-trimmed)
Pair 2: 66.6667% of 3 reads accepted (100% end - trimmed)
88.1356% of 295 reads accepted (97.9661% end-trimmed)
Pair 2: 81.017% of 295 reads accepted (91.8644% end - trimmed)
92.3077% of 13 reads accepted (100% end-trimmed)
Pair 2: 76.9231% of 13 reads accepted (84.6154% end - trimmed)
82.5% of 40 reads accepted (100% end-trimmed)
Pair 2: 75% of 40 reads accepted (87.5% end - trimmed)
93.9394% of 33 reads accepted (100% end-trimmed)
Pair 2: 78.7879% of 33 reads accepted (96.9697% end - trimmed)
84.0336% of 119 reads accepted (95.7983% end-trimmed)
Pair 2: 78.1513% of 119 reads accepted (93.2773% end - trimmed)
87.6812% of 276 reads accepted (98.5507% end-trimmed)
Pair 2: 79.3478% of 276 reads accepted (90.2174% end - trimmed)
85.3659% of 82 reads accepted (98.7805% end-trimmed)
Pair 2: 84.1463% of 82 reads accepted (91.4634% end - trimmed)
83.3333% of 24 reads accepted (95.8333% end-trimmed)
Pair 2: 83.3333% of 24 reads accepted (83.3333% end - trimmed)
94.4805% of 308 reads accepted (99.026% end-trimmed)
Pair 2: 87.013% of 308 reads accepted (95.7792% end - trimmed)
88.7838% of 740 reads accepted (97.8378% end-trimmed)
Pair 2: 87.1622% of 740 reads accepted (93.6487% end - trimmed)
85.7143% of 14 reads accepted (100% end-trimmed)
Pair 2: 85.7143% of 14 reads accepted (100% end - trimmed)
88.9474% of 190 reads accepted (97.3684% end-trimmed)
Pair 2: 84.2105% of 190 reads accepted (93.6842% end - trimmed)
100% of 6 reads accepted (100% end-trimmed)
Pair 2: 83.3333% of 6 reads accepted (83.3333% end - trimmed)
83.9966% of 3493 reads accepted (97.7097% end-trimmed)
Pair 2: 76.7249% of 3493 reads accepted (88.6058% end - trimmed)
86.4602% of 1130 reads accepted (98.1416% end-trimmed)
Pair 2: 84.5133% of 1130 reads accepted (94.2478% end - trimmed)
95.0495% of 101 reads accepted (100% end-trimmed)
Pair 2: 80.198% of 101 reads accepted (90.099% end - trimmed)
80% of 10 reads accepted (100% end-trimmed)
Pair 2: 100% of 10 reads accepted (100% end - trimmed)
88.1818% of 110 reads accepted (100% end-trimmed)
Pair 2: 88.1818% of 110 reads accepted (93.6364% end - trimmed)
82.3009% of 904 reads accepted (97.2345% end-trimmed)
Pair 2: 78.5398% of 904 reads accepted (89.3805% end - trimmed)
88.4052% of 2458 reads accepted (97.9251% end-trimmed)
Pair 2: 83.808% of 2458 reads accepted (92.799% end - trimmed)
86.6667% of 45 reads accepted (100% end-trimmed)
Pair 2: 88.8889% of 45 reads accepted (97.7778% end - trimmed)
91.8033% of 244 reads accepted (98.7705% end-trimmed)
Pair 2: 86.4754% of 244 reads accepted (95.082% end - trimmed)
89.2857% of 56 reads accepted (98.2143% end-trimmed)
Pair 2: 91.0714% of 56 reads accepted (92.8571% end - trimmed)
-nan% of 0 reads accepted (-nan% end-trimmed)
Pair 2: -nan% of 0 reads accepted (-nan% end - trimmed)
100% of 7 reads accepted (100% end-trimmed)
Pair 2: 100% of 7 reads accepted (100% end - trimmed)
83.1601% of 962 reads accepted (97.4012% end-trimmed)
Pair 2: 82.0166% of 962 reads accepted (90.9563% end - trimmed)
82.3305% of 1313 reads accepted (97.7913% end-trimmed)
Pair 2: 80.655% of 1313 reads accepted (90.8606% end - trimmed)
83.0239% of 754 reads accepted (98.4085% end-trimmed)
Pair 2: 81.9629% of 754 reads accepted (92.1751% end - trimmed)
86.901% of 626 reads accepted (98.4026% end-trimmed)
Pair 2: 83.2268% of 626 reads accepted (92.8115% end - trimmed)
83.4529% of 2369 reads accepted (97.4673% end-trimmed)
Pair 2: 79.4428% of 2369 reads accepted (90.629% end - trimmed)
100% of 4 reads accepted (100% end-trimmed)
Pair 2: 100% of 4 reads accepted (100% end - trimmed)
100% of 16 reads accepted (100% end-trimmed)
Pair 2: 75% of 16 reads accepted (100% end - trimmed)
55.5556% of 9 reads accepted (77.7778% end-trimmed)
Pair 2: 55.5556% of 9 reads accepted (88.8889% end - trimmed)
85.5% of 200 reads accepted (99.5% end-trimmed)
Pair 2: 82% of 200 reads accepted (92.5% end - trimmed)
86.1111% of 72 reads accepted (98.6111% end-trimmed)
Pair 2: 81.9444% of 72 reads accepted (94.4444% end - trimmed)
82.2115% of 208 reads accepted (96.1538% end-trimmed)
Pair 2: 77.8846% of 208 reads accepted (91.3462% end - trimmed)
92.1875% of 192 reads accepted (98.9583% end-trimmed)
Pair 2: 80.2083% of 192 reads accepted (91.6667% end - trimmed)
91.0072% of 556 reads accepted (99.1007% end-trimmed)
Pair 2: 85.7914% of 556 reads accepted (93.3453% end - trimmed)
84.5528% of 123 reads accepted (96.748% end-trimmed)
Pair 2: 83.7398% of 123 reads accepted (91.8699% end - trimmed)
66.6667% of 3 reads accepted (66.6667% end-trimmed)
Pair 2: 66.6667% of 3 reads accepted (100% end - trimmed)
87.7228% of 3030 reads accepted (98.3498% end-trimmed)
Pair 2: 82.3432% of 3030 reads accepted (92.3102% end - trimmed)
71.4286% of 7 reads accepted (100% end-trimmed)
Pair 2: 71.4286% of 7 reads accepted (100% end - trimmed)
89.0789% of 760 reads accepted (98.2895% end-trimmed)
Pair 2: 83.1579% of 760 reads accepted (91.7105% end - trimmed)
81.4159% of 113 reads accepted (98.2301% end-trimmed)
Pair 2: 86.7257% of 113 reads accepted (92.9204% end - trimmed)
87.6712% of 73 reads accepted (100% end-trimmed)
Pair 2: 90.411% of 73 reads accepted (97.2603% end - trimmed)
82.3129% of 147 reads accepted (97.2789% end-trimmed)
Pair 2: 78.2313% of 147 reads accepted (89.7959% end - trimmed)
83.2653% of 245 reads accepted (97.1429% end-trimmed)
Pair 2: 74.2857% of 245 reads accepted (91.0204% end - trimmed)
88.8889% of 9 reads accepted (100% end-trimmed)
Pair 2: 77.7778% of 9 reads accepted (100% end - trimmed)
85.7678% of 267 reads accepted (99.2509% end-trimmed)
Pair 2: 78.2772% of 267 reads accepted (90.6367% end - trimmed)
91.3043% of 23 reads accepted (100% end-trimmed)
Pair 2: 73.913% of 23 reads accepted (86.9565% end - trimmed)
89.6104% of 77 reads accepted (98.7013% end-trimmed)
Pair 2: 67.5325% of 77 reads accepted (84.4156% end - trimmed)
87.5% of 496 reads accepted (96.1694% end-trimmed)
Pair 2: 82.4597% of 496 reads accepted (93.3468% end - trimmed)
89.6552% of 29 reads accepted (100% end-trimmed)
Pair 2: 75.8621% of 29 reads accepted (96.5517% end - trimmed)
90.1809% of 1161 reads accepted (98.4496% end-trimmed)
Pair 2: 83.2903% of 1161 reads accepted (94.2291% end - trimmed)
85.6543% of 2858 reads accepted (97.7957% end-trimmed)
Pair 2: 85.0945% of 2858 reads accepted (93.9468% end - trimmed)
87.5% of 8 reads accepted (100% end-trimmed)
Pair 2: 75% of 8 reads accepted (75% end - trimmed)
89.275% of 13641 reads accepted (98.3726% end-trimmed)
Pair 2: 86.372% of 13641 reads accepted (94.4652% end - trimmed)
88.4455% of 1203 reads accepted (98.0881% end-trimmed)
Pair 2: 80.5486% of 1203 reads accepted (91.8537% end - trimmed)
82.0388% of 412 reads accepted (98.301% end-trimmed)
Pair 2: 80.8252% of 412 reads accepted (92.4757% end - trimmed)
88.3619% of 6178 reads accepted (98.1547% end-trimmed)
Pair 2: 83.7326% of 6178 reads accepted (92.5542% end - trimmed)
100% of 11 reads accepted (100% end-trimmed)
Pair 2: 100% of 11 reads accepted (100% end - trimmed)
85.4749% of 179 reads accepted (97.2067% end-trimmed)
Pair 2: 78.2123% of 179 reads accepted (91.0615% end - trimmed)
81.6327% of 147 reads accepted (97.2789% end-trimmed)
Pair 2: 77.551% of 147 reads accepted (92.517% end - trimmed)
89.1089% of 101 reads accepted (99.0099% end-trimmed)
Pair 2: 90.099% of 101 reads accepted (97.0297% end - trimmed)
88% of 25 reads accepted (100% end-trimmed)
Pair 2: 84% of 25 reads accepted (92% end - trimmed)
83.3333% of 24 reads accepted (95.8333% end-trimmed)
Pair 2: 75% of 24 reads accepted (83.3333% end - trimmed)
91.25% of 160 reads accepted (98.75% end-trimmed)
Pair 2: 83.125% of 160 reads accepted (94.375% end - trimmed)
84.1463% of 82 reads accepted (96.3415% end-trimmed)
Pair 2: 84.1463% of 82 reads accepted (95.1219% end - trimmed)
100% of 5 reads accepted (100% end-trimmed)
Pair 2: 100% of 5 reads accepted (100% end - trimmed)
87.8049% of 82 reads accepted (98.7805% end-trimmed)
Pair 2: 78.0488% of 82 reads accepted (90.2439% end - trimmed)
87.2165% of 970 reads accepted (99.1753% end-trimmed)
Pair 2: 83.6082% of 970 reads accepted (93.8144% end - trimmed)
91.6667% of 12 reads accepted (100% end-trimmed)
Pair 2: 83.3333% of 12 reads accepted (91.6667% end - trimmed)
88% of 25 reads accepted (96% end-trimmed)
Pair 2: 72% of 25 reads accepted (88% end - trimmed)
87.1241% of 1297 reads accepted (98.2267% end-trimmed)
Pair 2: 84.2714% of 1297 reads accepted (94.2945% end - trimmed)
77.7778% of 9 reads accepted (100% end-trimmed)
Pair 2: 88.8889% of 9 reads accepted (100% end - trimmed)
86.879% of 1570 reads accepted (98.5987% end-trimmed)
Pair 2: 86.051% of 1570 reads accepted (94.0764% end - trimmed)
89.7872% of 940 reads accepted (98.5106% end-trimmed)
Pair 2: 84.1489% of 940 reads accepted (92.766% end - trimmed)
89.5833% of 48 reads accepted (100% end-trimmed)
Pair 2: 81.25% of 48 reads accepted (93.75% end - trimmed)
89.8623% of 799 reads accepted (98.2478% end-trimmed)
Pair 2: 85.3567% of 799 reads accepted (92.9912% end - trimmed)
100% of 2 reads accepted (100% end-trimmed)
Pair 2: 100% of 2 reads accepted (100% end - trimmed)
86.8182% of 220 reads accepted (97.2727% end-trimmed)
Pair 2: 78.1818% of 220 reads accepted (90.9091% end - trimmed)
89.8864% of 880 reads accepted (98.4091% end-trimmed)
Pair 2: 83.4091% of 880 reads accepted (92.2727% end - trimmed)
0% of 1 reads accepted (100% end-trimmed)
Pair 2: 0% of 1 reads accepted (100% end - trimmed)
87.1094% of 256 reads accepted (98.0469% end-trimmed)
Pair 2: 80.8594% of 256 reads accepted (92.1875% end - trimmed)
0% of 2 reads accepted (100% end-trimmed)
Pair 2: 100% of 2 reads accepted (100% end - trimmed)
77.4194% of 31 reads accepted (93.5484% end-trimmed)
Pair 2: 83.871% of 31 reads accepted (96.7742% end - trimmed)
91.6667% of 12 reads accepted (100% end-trimmed)
Pair 2: 91.6667% of 12 reads accepted (91.6667% end - trimmed)
87.7049% of 610 reads accepted (99.0164% end-trimmed)
Pair 2: 82.2951% of 610 reads accepted (90.6557% end - trimmed)
84.6154% of 13 reads accepted (100% end-trimmed)
Pair 2: 84.6154% of 13 reads accepted (84.6154% end - trimmed)
50% of 2 reads accepted (100% end-trimmed)
Pair 2: 50% of 2 reads accepted (100% end - trimmed)
68.75% of 16 reads accepted (100% end-trimmed)
Pair 2: 81.25% of 16 reads accepted (93.75% end - trimmed)
84.8649% of 185 reads accepted (98.9189% end-trimmed)
Pair 2: 78.9189% of 185 reads accepted (90.2703% end - trimmed)
87.5% of 8 reads accepted (100% end-trimmed)
Pair 2: 75% of 8 reads accepted (100% end - trimmed)
89.7059% of 68 reads accepted (98.5294% end-trimmed)
Pair 2: 80.8824% of 68 reads accepted (91.1765% end - trimmed)
94.4444% of 18 reads accepted (100% end-trimmed)
Pair 2: 77.7778% of 18 reads accepted (83.3333% end - trimmed)
86.3636% of 22 reads accepted (100% end-trimmed)
Pair 2: 86.3636% of 22 reads accepted (95.4545% end - trimmed)
83.1461% of 89 reads accepted (98.8764% end-trimmed)
Pair 2: 80.8989% of 89 reads accepted (94.382% end - trimmed)
87.4845% of 807 reads accepted (98.3891% end-trimmed)
Pair 2: 82.6518% of 807 reads accepted (92.8129% end - trimmed)
68% of 25 reads accepted (96% end-trimmed)
Pair 2: 88% of 25 reads accepted (100% end - trimmed)
85.7143% of 14 reads accepted (92.8571% end-trimmed)
Pair 2: 78.5714% of 14 reads accepted (85.7143% end - trimmed)
87.5% of 8 reads accepted (100% end-trimmed)
Pair 2: 87.5% of 8 reads accepted (100% end - trimmed)
64.2857% of 14 reads accepted (100% end-trimmed)
Pair 2: 78.5714% of 14 reads accepted (92.8571% end - trimmed)
84.3318% of 217 reads accepted (97.6959% end-trimmed)
Pair 2: 84.7926% of 217 reads accepted (93.0876% end - trimmed)
83.9844% of 256 reads accepted (97.6562% end-trimmed)
Pair 2: 83.9844% of 256 reads accepted (93.75% end - trimmed)
90.3226% of 62 reads accepted (100% end-trimmed)
Pair 2: 82.2581% of 62 reads accepted (93.5484% end - trimmed)
90.9925% of 14066 reads accepted (98.6066% end-trimmed)
Pair 2: 73.9585% of 14066 reads accepted (85.2979% end - trimmed)
83.2298% of 161 reads accepted (97.5155% end-trimmed)
Pair 2: 80.7453% of 161 reads accepted (91.3043% end - trimmed)
91.6515% of 551 reads accepted (98.3666% end-trimmed)
Pair 2: 84.9365% of 551 reads accepted (93.6479% end - trimmed)
88.7957% of 2026 reads accepted (97.6802% end-trimmed)
Pair 2: 82.1323% of 2026 reads accepted (92.3001% end - trimmed)
90.5405% of 74 reads accepted (100% end-trimmed)
Pair 2: 83.7838% of 74 reads accepted (91.8919% end - trimmed)
88.8889% of 3483 reads accepted (98.1912% end-trimmed)
Pair 2: 82.0557% of 3483 reads accepted (91.6738% end - trimmed)
92.3077% of 13 reads accepted (100% end-trimmed)
Pair 2: 84.6154% of 13 reads accepted (84.6154% end - trimmed)
90.7258% of 248 reads accepted (99.1936% end-trimmed)
Pair 2: 81.4516% of 248 reads accepted (93.5484% end - trimmed)
83.1292% of 735 reads accepted (97.6871% end-trimmed)
Pair 2: 79.8639% of 735 reads accepted (91.8367% end - trimmed)
100% of 8 reads accepted (100% end-trimmed)
Pair 2: 100% of 8 reads accepted (100% end - trimmed)
80% of 5 reads accepted (100% end-trimmed)
Pair 2: 100% of 5 reads accepted (100% end - trimmed)
80% of 30 reads accepted (100% end-trimmed)
Pair 2: 83.3333% of 30 reads accepted (96.6667% end - trimmed)
82.1429% of 28 reads accepted (96.4286% end-trimmed)
Pair 2: 75% of 28 reads accepted (92.8571% end - trimmed)
87.8247% of 4427 reads accepted (98.1251% end-trimmed)
Pair 2: 81.9065% of 4427 reads accepted (92.094% end - trimmed)
83.9357% of 249 reads accepted (98.3936% end-trimmed)
Pair 2: 74.6988% of 249 reads accepted (89.1566% end - trimmed)
84.9057% of 159 reads accepted (98.7421% end-trimmed)
Pair 2: 80.5031% of 159 reads accepted (91.195% end - trimmed)
87.5% of 272 reads accepted (98.5294% end-trimmed)
Pair 2: 84.9265% of 272 reads accepted (92.2794% end - trimmed)
85.6383% of 188 reads accepted (97.3404% end-trimmed)
Pair 2: 79.7872% of 188 reads accepted (88.8298% end - trimmed)
91.0448% of 67 reads accepted (100% end-trimmed)
Pair 2: 88.0597% of 67 reads accepted (94.0299% end - trimmed)
85.1852% of 27 reads accepted (100% end-trimmed)
Pair 2: 81.4815% of 27 reads accepted (92.5926% end - trimmed)
86.7924% of 106 reads accepted (99.0566% end-trimmed)
Pair 2: 86.7924% of 106 reads accepted (92.4528% end - trimmed)
85.7477% of 428 reads accepted (98.3645% end-trimmed)
Pair 2: 82.4766% of 428 reads accepted (91.8224% end - trimmed)
91.6667% of 12 reads accepted (100% end-trimmed)
Pair 2: 100% of 12 reads accepted (100% end - trimmed)
100% of 6 reads accepted (100% end-trimmed)
Pair 2: 66.6667% of 6 reads accepted (83.3333% end - trimmed)
82.9932% of 147 reads accepted (97.9592% end-trimmed)
Pair 2: 80.9524% of 147 reads accepted (89.1156% end - trimmed)
82.8571% of 105 reads accepted (100% end-trimmed)
Pair 2: 84.7619% of 105 reads accepted (92.381% end - trimmed)
82.1229% of 179 reads accepted (99.4413% end-trimmed)
Pair 2: 81.5642% of 179 reads accepted (91.0615% end - trimmed)
84.7534% of 223 reads accepted (96.4126% end-trimmed)
Pair 2: 75.3363% of 223 reads accepted (86.0987% end - trimmed)
89.4737% of 19 reads accepted (100% end-trimmed)
Pair 2: 78.9474% of 19 reads accepted (84.2105% end - trimmed)
84.375% of 576 reads accepted (97.9167% end-trimmed)
Pair 2: 79.1667% of 576 reads accepted (90.625% end - trimmed)
85.9649% of 456 reads accepted (98.6842% end-trimmed)
Pair 2: 80.4825% of 456 reads accepted (91.4474% end - trimmed)
88.1188% of 101 reads accepted (99.0099% end-trimmed)
Pair 2: 86.1386% of 101 reads accepted (90.099% end - trimmed)
71.4286% of 28 reads accepted (100% end-trimmed)
Pair 2: 78.5714% of 28 reads accepted (85.7143% end - trimmed)
87.2324% of 1308 reads accepted (97.8593% end-trimmed)
Pair 2: 81.1162% of 1308 reads accepted (90.5199% end - trimmed)
90.1294% of 618 reads accepted (98.7055% end-trimmed)
Pair 2: 82.3625% of 618 reads accepted (92.3948% end - trimmed)
89.1034% of 725 reads accepted (98.6207% end-trimmed)
Pair 2: 68.2759% of 725 reads accepted (82.7586% end - trimmed)
86.6667% of 90 reads accepted (98.8889% end-trimmed)
Pair 2: 85.5556% of 90 reads accepted (94.4444% end - trimmed)
86.076% of 237 reads accepted (97.8903% end-trimmed)
Pair 2: 63.2911% of 237 reads accepted (80.5907% end - trimmed)
87.6712% of 146 reads accepted (98.6301% end-trimmed)
Pair 2: 84.9315% of 146 reads accepted (93.1507% end - trimmed)
84.2105% of 19 reads accepted (94.7368% end-trimmed)
Pair 2: 100% of 19 reads accepted (100% end - trimmed)
83.5088% of 285 reads accepted (98.2456% end-trimmed)
Pair 2: 75.7895% of 285 reads accepted (90.5263% end - trimmed)
86.6834% of 1194 reads accepted (97.6549% end-trimmed)
Pair 2: 61.809% of 1194 reads accepted (77.6382% end - trimmed)
87.5% of 56 reads accepted (98.2143% end-trimmed)
Pair 2: 80.3571% of 56 reads accepted (94.6429% end - trimmed)
85.3147% of 143 reads accepted (98.6014% end-trimmed)
Pair 2: 81.1189% of 143 reads accepted (90.9091% end - trimmed)
90.4762% of 294 reads accepted (98.9796% end-trimmed)
Pair 2: 88.4354% of 294 reads accepted (96.2585% end - trimmed)
89.8936% of 376 reads accepted (98.4043% end-trimmed)
Pair 2: 81.117% of 376 reads accepted (92.5532% end - trimmed)
100% of 21 reads accepted (100% end-trimmed)
Pair 2: 80.9524% of 21 reads accepted (100% end - trimmed)
82.2064% of 562 reads accepted (98.5765% end-trimmed)
Pair 2: 78.6477% of 562 reads accepted (90.9253% end - trimmed)
87.43% of 6961 reads accepted (98.233% end-trimmed)
Pair 2: 79.342% of 6961 reads accepted (90.7628% end - trimmed)
84.4828% of 58 reads accepted (98.2759% end-trimmed)
Pair 2: 87.931% of 58 reads accepted (98.2759% end - trimmed)
86.0412% of 437 reads accepted (98.627% end-trimmed)
Pair 2: 83.524% of 437 reads accepted (91.3043% end - trimmed)
80% of 40 reads accepted (97.5% end-trimmed)
Pair 2: 75% of 40 reads accepted (90% end - trimmed)
89.0411% of 73 reads accepted (95.8904% end-trimmed)
Pair 2: 86.3014% of 73 reads accepted (95.8904% end - trimmed)
81.4815% of 27 reads accepted (96.2963% end-trimmed)
Pair 2: 74.0741% of 27 reads accepted (81.4815% end - trimmed)
85.6924% of 4571 reads accepted (98.2498% end-trimmed)
Pair 2: 82.1702% of 4571 reads accepted (93.1087% end - trimmed)
88.2216% of 3014 reads accepted (98.3743% end-trimmed)
Pair 2: 83.4108% of 3014 reads accepted (93.862% end - trimmed)
88.342% of 1158 reads accepted (98.4456% end-trimmed)
Pair 2: 84.715% of 1158 reads accepted (93.3506% end - trimmed)
84.6154% of 559 reads accepted (97.6744% end-trimmed)
Pair 2: 80.1431% of 559 reads accepted (92.1288% end - trimmed)
