SampleID	Barcode	Read1Accepted	Read1Filtered	Read1PassedFrac	Read2Accepted	Read2Filtered	Read2PassedFrac
SMPL1		561	82	0.872	521	0	1
SMPL101		50	9	0.847	51	0	1
SMPL103		43	5	0.896	39	0	1
SMPL105		237	38	0.862	209	0	1
SMPL107		190	34	0.848	184	0	1
SMPL109		26	3	0.897	22	0	1
SMPL11		212	41	0.838	182	0	1
SMPL111		11	1	0.917	10	0	1
SMPL113		8	1	0.889	7	0	1
SMPL115		0	2	0	2	0	1
SMPL117		2	1	0.667	1	0	1
SMPL119		4	0	1	4	0	1
SMPL121		1130	232	0.83	1059	0	1
SMPL123		819	162	0.835	789	0	1
SMPL125		93	18	0.838	89	0	1
SMPL127		763	160	0.827	710	0	1
SMPL129		124	26	0.827	115	0	1
SMPL13		0	1	0	0	0	NA
SMPL131		122	27	0.819	114	0	1
SMPL133		227	33	0.873	207	0	1
SMPL135		2	0	1	2	0	1
SMPL137		71	13	0.845	69	0	1
SMPL139		22	2	0.917	17	0	1
SMPL141		11	1	0.917	11	0	1
SMPL143		6	2	0.75	5	0	1
SMPL145		782	120	0.867	696	0	1
SMPL147		440	62	0.876	409	0	1
SMPL149		34	7	0.829	30	0	1
SMPL15		13	5	0.722	13	0	1
SMPL151		162	28	0.853	146	0	1
SMPL153		75	15	0.833	72	0	1
SMPL155		22	3	0.88	21	0	1
SMPL157		63	7	0.9	55	0	1
SMPL159		18	2	0.9	15	0	1
SMPL161		69	8	0.896	52	0	1
SMPL163		11	0	1	11	0	1
SMPL165		272	35	0.886	239	0	1
SMPL167		8	2	0.8	10	0	1
SMPL169		1405	206	0.872	1351	0	1
SMPL17		6	0	1	5	0	1
SMPL171		12439	1463	0.895	11782	0	1
SMPL173		92	11	0.893	91	0	1
SMPL175		666	83	0.889	645	0	1
SMPL177		3976	539	0.881	3626	0	1
SMPL179		518	50	0.912	477	0	1
SMPL181		249	34	0.88	219	0	1
SMPL183		868	96	0.9	791	0	1
SMPL185		104	19	0.846	93	0	1
SMPL187		32	2	0.941	26	0	1
SMPL189		25	7	0.781	26	0	1
SMPL19		40	6	0.87	40	0	1
SMPL191		226	20	0.919	211	0	1
SMPL193		163	27	0.858	150	0	1
SMPL195		196	29	0.871	172	0	1
SMPL197		80	12	0.87	77	0	1
SMPL199		25	4	0.862	22	0	1
SMPL201		99	13	0.884	97	0	1
SMPL203		133	16	0.893	122	0	1
SMPL205		3	0	1	2	0	1
SMPL207		3	1	0.75	3	0	1
SMPL209		655	128	0.837	618	0	1
SMPL21		1	0	1	0	0	NA
SMPL211		72	11	0.867	64	0	1
SMPL213		65	9	0.878	66	0	1
SMPL215		12	1	0.923	10	0	1
SMPL217		138	24	0.852	128	0	1
SMPL219		139	18	0.885	135	0	1
SMPL221		1000	153	0.867	955	0	1
SMPL223		2025	392	0.838	1882	0	1
SMPL225		6	4	0.6	5	0	1
SMPL227		11	2	0.846	11	0	1
SMPL229		0	0	NA	0	0	NA
SMPL23		12	2	0.857	12	0	1
SMPL231		367	51	0.878	336	0	1
SMPL233		108	19	0.85	103	0	1
SMPL235		16	0	1	12	0	1
SMPL237		318	47	0.871	291	0	1
SMPL239		1161	167	0.874	1093	0	1
SMPL241		177	23	0.885	175	0	1
SMPL243		5	0	1	5	0	1
SMPL245		17	1	0.944	14	0	1
SMPL247		21	3	0.875	19	0	1
SMPL249		725	101	0.878	667	0	1
SMPL25		19	8	0.704	22	0	1
SMPL251		6246	875	0.877	5523	0	1
SMPL253		21	4	0.84	18	0	1
SMPL255		7	1	0.875	7	0	1
SMPL257		1070	114	0.904	967	0	1
SMPL259		10	5	0.667	11	0	1
SMPL261		3028	559	0.844	2680	0	1
SMPL263		691	83	0.893	632	0	1
SMPL265		58	6	0.906	51	0	1
SMPL267		346	38	0.901	305	0	1
SMPL269		16	3	0.842	19	0	1
SMPL27		2525	410	0.86	2432	0	1
SMPL271		515	46	0.918	468	0	1
SMPL273		2226	285	0.886	2060	0	1
SMPL275		1849	227	0.891	1664	0	1
SMPL277		727	81	0.9	682	0	1
SMPL279		138	15	0.902	135	0	1
SMPL281		67	7	0.905	62	0	1
SMPL283		3188	387	0.892	2858	0	1
SMPL285		2584	391	0.869	2357	0	1
SMPL287		228	23	0.908	202	0	1
SMPL289		6	0	1	4	0	1
SMPL29		174	29	0.857	164	0	1
SMPL291		82	17	0.828	79	0	1
SMPL293		8	0	1	8	0	1
SMPL295		137	27	0.835	130	0	1
SMPL297		7	0	1	7	0	1
SMPL299		4	1	0.8	5	0	1
SMPL3		76	16	0.826	78	0	1
SMPL301		7	1	0.875	6	0	1
SMPL303		7	1	0.875	6	0	1
SMPL305		25	6	0.806	25	0	1
SMPL307		23	5	0.821	21	0	1
SMPL309		213	40	0.842	186	0	1
SMPL31		244	34	0.878	231	0	1
SMPL311		73	10	0.88	64	0	1
SMPL313		94	14	0.87	92	0	1
SMPL315		380	61	0.862	353	0	1
SMPL317		634	124	0.836	587	0	1
SMPL319		62	6	0.912	59	0	1
SMPL321		119	18	0.869	106	0	1
SMPL323		11	1	0.917	12	0	1
SMPL325		130	25	0.839	119	0	1
SMPL327		155	32	0.829	146	0	1
SMPL329		20	4	0.833	20	0	1
SMPL33		65	10	0.867	59	0	1
SMPL331		176	37	0.826	162	0	1
SMPL333		868	124	0.875	811	0	1
SMPL335		12	1	0.923	11	0	1
SMPL337		194	34	0.851	168	0	1
SMPL339		23	3	0.885	18	0	1
SMPL341		512	90	0.85	456	0	1
SMPL343		405	64	0.864	367	0	1
SMPL345		1095	139	0.887	969	0	1
SMPL347		92	12	0.885	87	0	1
SMPL349		22	8	0.733	22	0	1
SMPL35		53	6	0.898	51	0	1
SMPL351		1173	167	0.875	1061	0	1
SMPL353		575	61	0.904	509	0	1
SMPL355		95	21	0.819	98	0	1
SMPL357		160	26	0.86	140	0	1
SMPL359		96	5	0.95	81	0	1
SMPL361		13202	1267	0.912	10403	0	1
SMPL363		663	79	0.894	495	0	1
SMPL365		213	33	0.866	150	0	1
SMPL367		1072	159	0.871	738	0	1
SMPL369		23	5	0.821	20	0	1
SMPL37		127	21	0.858	116	0	1
SMPL371		272	28	0.907	260	0	1
SMPL373		21	0	1	17	0	1
SMPL375		386	61	0.864	365	0	1
SMPL377		33	8	0.805	30	0	1
SMPL379		295	17	0.946	268	0	1
SMPL381		548	75	0.88	502	0	1
SMPL383		66	8	0.892	63	0	1
SMPL385		348	74	0.825	333	0	1
SMPL387		4042	654	0.861	3756	0	1
SMPL389		2737	355	0.885	2514	0	1
SMPL39		249	47	0.841	216	0	1
SMPL391		1055	135	0.887	981	0	1
SMPL393		217	41	0.841	215	0	1
SMPL395		495	86	0.852	448	0	1
SMPL397		2731	372	0.88	2495	0	1
SMPL399		5570	719	0.886	5173	0	1
SMPL41		261	43	0.859	250	0	1
SMPL43		7	2	0.778	8	0	1
SMPL45		50	7	0.877	45	0	1
SMPL47		330	54	0.859	312	0	1
SMPL49		71	12	0.855	69	0	1
SMPL5		5	1	0.833	4	0	1
SMPL51		107	17	0.863	107	0	1
SMPL53		484	100	0.829	442	0	1
SMPL55		61	8	0.884	54	0	1
SMPL57		1014	99	0.911	928	0	1
SMPL59		12	2	0.857	11	0	1
SMPL61		584	102	0.851	510	0	1
SMPL63		10	2	0.833	8	0	1
SMPL65		770	77	0.909	708	0	1
SMPL67		2	1	0.667	2	0	1
SMPL69		432	58	0.882	358	0	1
SMPL7		130	18	0.878	124	0	1
SMPL71		25	1	0.962	20	0	1
SMPL73		355	50	0.877	344	0	1
SMPL75		103	12	0.896	101	0	1
SMPL77		169	21	0.889	160	0	1
SMPL79		2991	338	0.898	2823	0	1
SMPL81		9601	1247	0.885	8752	0	1
SMPL83		179	15	0.923	154	0	1
SMPL85		7	2	0.778	8	0	1
SMPL87		800	89	0.9	734	0	1
SMPL89		71	3	0.959	69	0	1
SMPL9		105	17	0.861	103	0	1
SMPL91		83	5	0.943	80	0	1
SMPL93		24	4	0.857	25	0	1
SMPL95		147	14	0.913	133	0	1
SMPL97		3	0	1	3	0	1
SMPL99		123	22	0.848	119	0	1
