[cmd] rm -f -r lotus2SLV138_humancontUganda/tmpFiles/
[cmd] mkdir -p lotus2SLV138_humancontUganda/tmpFiles/
[cmd] cp /fast/AG_Forslund/bin/VMbin/lotus2/configs/sdm_miSeq.txt lotus2SLV138_humancontUganda/primary
[cmd] /fast/AG_Forslund/bin/VMbin/lotus2//bin//sdm  -i_path ./  -o_fna lotus2SLV138_humancontUganda/tmpFiles//demulti.1.fna,lotus2SLV138_humancontUganda/tmpFiles//demulti.2.fna  -o_fna2 lotus2SLV138_humancontUganda/tmpFiles//demulti.1.add.fna,lotus2SLV138_humancontUganda/tmpFiles//demulti.2.add.fna  -sample_sep ___  -log lotus2SLV138_humancontUganda/LotuSLogS//demulti.log -map lotus2SLV138_humancontUganda/primary/in.map   -options /fast/AG_Forslund/bin/VMbin/lotus2/configs/sdm_miSeq.txt    -o_dereplicate lotus2SLV138_humancontUganda/tmpFiles//derep.fas -dere_size_fmt 0 -min_derep_copies 8:1,4:2,3:3 -suppressOutput 1   -o_qual_offset 33 -paired 2  -maxReadsPerOutput 4000000 -oneLineFastaFormat 1   -threads 1 
[cmd] mkdir -p lotus2SLV138_humancontUganda/LotuSLogS//SDMperFile/
[cmd]  mv lotus2SLV138_humancontUganda/LotuSLogS//demulti.log0* lotus2SLV138_humancontUganda/LotuSLogS//SDMperFile/
[cmd] tar zcf lotus2SLV138_humancontUganda/LotuSLogS//SDMperFile.tar.gz lotus2SLV138_humancontUganda/LotuSLogS//SDMperFile/
[cmd]  rm -r lotus2SLV138_humancontUganda/LotuSLogS//SDMperFile/
[cmd] rm -f lotus2SLV138_humancontUganda/tmpFiles//finalOTU.uc lotus2SLV138_humancontUganda/tmpFiles//finalOTU.ADD.paf lotus2SLV138_humancontUganda/tmpFiles//finalOTU.ADDREF.paf lotus2SLV138_humancontUganda/tmpFiles//finalOTU.REST.paf lotus2SLV138_humancontUganda/tmpFiles//finalOTU.RESTREF.paf
[cmd] /fast/AG_Forslund/bin/VMbin/lotus2/bin/usearch -cluster_otus lotus2SLV138_humancontUganda/tmpFiles//derep.fas -otus lotus2SLV138_humancontUganda/tmpFiles//tmp_otu.fa   -minsize 1 -log lotus2SLV138_humancontUganda/LotuSLogS//UPARSE.log  -uparseout lotus2SLV138_humancontUganda/tmpFiles//finalOTU.uc 
[cmd] /fast/AG_Forslund/bin/VMbin/lotus2//bin//sdm -i lotus2SLV138_humancontUganda/tmpFiles//derep.fas.rest -o_fna lotus2SLV138_humancontUganda/tmpFiles//derep.fas.rest1
[cmd] rm -f lotus2SLV138_humancontUganda/tmpFiles//derep.fas.rest
[cmd] mv lotus2SLV138_humancontUganda/tmpFiles//derep.fas.rest1 lotus2SLV138_humancontUganda/tmpFiles//derep.fas.rest
[cmd] /fast/AG_Forslund/bin/VMbin/lotus2//bin//minimap2-2.17_x64-linux/minimap2  -x sr --sr -u both --secondary=no -N 30 -c  -t 1 -o lotus2SLV138_humancontUganda/tmpFiles//rests.paf lotus2SLV138_humancontUganda/tmpFiles//tmp_otu.fa lotus2SLV138_humancontUganda/tmpFiles//derep.fas.rest 
[cmd] cat lotus2SLV138_humancontUganda/tmpFiles//rests.paf >> lotus2SLV138_humancontUganda/tmpFiles//finalOTU.REST.paf
[cmd] /fast/AG_Forslund/bin/VMbin/lotus2//bin//sdm -i_fastq lotus2SLV138_humancontUganda/tmpFiles//derep.1.hq.fq,lotus2SLV138_humancontUganda/tmpFiles//derep.2.hq.fq -o_fastq lotus2SLV138_humancontUganda/tmpFiles//otu_seeds.1.fq,lotus2SLV138_humancontUganda/tmpFiles//otu_seeds.2.fq -uparseVer 11.0  -optimalRead2Cluster lotus2SLV138_humancontUganda/tmpFiles//finalOTU.uc  -paired 2 -sample_sep ___ -derep_map lotus2SLV138_humancontUganda/tmpFiles//derep.map -options /fast/AG_Forslund/bin/VMbin/lotus2/configs/sdm_miSeq.txt -merge_pairs_seed 1   -o_qual_offset 33 -mergedPairs 0 -log lotus2SLV138_humancontUganda/LotuSLogS//SeedExtensionStats.txt  -OTU_fallback lotus2SLV138_humancontUganda/tmpFiles//tmp_otu.fa -ucAdditionalCounts lotus2SLV138_humancontUganda/tmpFiles//finalOTU.ADD.paf -ucAdditionalCounts1 lotus2SLV138_humancontUganda/tmpFiles//finalOTU.REST.paf -otu_matrix lotus2SLV138_humancontUganda/OTU.txt -id 97 -minQueryCov 0.8  -count_chimeras F 
[cmd] /fast/AG_Forslund/bin/VMbin/lotus2//bin//minimap2-2.17_x64-linux/minimap2   -x sr --sr -u both --secondary=no -N 30 -c  -t 1 -o lotus2SLV138_humancontUganda/tmpFiles//otu_seeds.fna.phiX.0.cont_hit.paf /fast/AG_Forslund/bin/VMbin/lotus2//DB//phiX.fasta lotus2SLV138_humancontUganda/tmpFiles//otu_seeds.fna
[cmd] cp lotus2SLV138_humancontUganda/tmpFiles//otu_seeds.fna lotus2SLV138_humancontUganda/OTU.fna
[cmd] /fast/AG_Forslund/bin/VMbin/lotus2//bin//vsearch-2.15.0-linux-x86_64/bin/vsearch --usearch_global lotus2SLV138_humancontUganda/OTU.fna --db /fast/AG_Forslund/bin/VMbin/lotus2//DB//SLV_138.1_SSU.fasta.vudb  --id 0.75 --query_cov 0.5 -userfields query+target+id+alnlen+mism+opens+qlo+qhi+tlo+thi+ql -userout lotus2SLV138_humancontUganda/tmpFiles//tax.0.blast --maxaccepts 100 --maxrejects 100 -strand both --threads 1
[cmd] cp lotus2SLV138_humancontUganda/tmpFiles//tax.0.blast lotus2SLV138_humancontUganda/ExtraFiles//
[cmd] /fast/AG_Forslund/bin/VMbin/lotus2//bin//LCA  -i lotus2SLV138_humancontUganda/tmpFiles//tax.0.blast -r /fast/AG_Forslund/bin/VMbin/lotus2//DB//SLV_138.1_SSU.tax -o lotus2SLV138_humancontUganda/hiera_BLAST.txt  -LCAfrac 0.8  -cover 0.5 -id 97,95,93,91,88,78,0
[cmd] mkdir -p lotus2SLV138_humancontUganda/higherLvl/
[cmd] cp lotus2SLV138_humancontUganda/OTU.txt lotus2SLV138_humancontUganda/higherLvl/
[cmd] /fast/AG_Forslund/bin/VMbin/lotus2//bin//mafft-linux64/mafft.bat --thread 1 --quiet lotus2SLV138_humancontUganda/OTU.fna > lotus2SLV138_humancontUganda/ExtraFiles//OTU.MSA.fna
[cmd] /fast/AG_Forslund/bin/VMbin/lotus2//bin//FastTreeMP -nt -gtr -no2nd -spr 4 -log lotus2SLV138_humancontUganda/LotuSLogS//fasttree.log -quiet -out lotus2SLV138_humancontUganda/OTUphylo.nwk lotus2SLV138_humancontUganda/ExtraFiles//OTU.MSA.fna
[cmd] /usr/bin/Rscript  --vanilla  /fast/AG_Forslund/bin/VMbin/lotus2/bin/R/l2phyloseq.R lotus2SLV138_humancontUganda/OTU.txt lotus2SLV138_humancontUganda/hiera_BLAST.txt lotus2SLV138_humancontUganda/primary/in.map 1 lotus2SLV138_humancontUganda/OTUphylo.nwk
[cmd] rm -rf lotus2SLV138_humancontUganda/tmpFiles/
